2019-03-15 00:02:05.539  INFO 19536 --- [restartedMain] com.fullexception.AliciaDoApplication    : Starting AliciaDoApplication on LAPTOP-VCCELDHN with PID 19536 (D:\repository\git\alicia_do\target\classes started by admin in D:\repository\git\alicia_do)
2019-03-15 00:02:05.543  INFO 19536 --- [restartedMain] com.fullexception.AliciaDoApplication    : No active profile set, falling back to default profiles: default
2019-03-15 00:02:05.601  INFO 19536 --- [restartedMain] ConfigServletWebServerApplicationContext : Refreshing org.springframework.boot.web.servlet.context.AnnotationConfigServletWebServerApplicationContext@6bbc36e5: startup date [Fri Mar 15 00:02:05 CST 2019]; root of context hierarchy
2019-03-15 00:02:06.778  INFO 19536 --- [restartedMain] f.a.AutowiredAnnotationBeanPostProcessor : JSR-330 'javax.inject.Inject' annotation found and supported for autowiring
2019-03-15 00:02:06.944  INFO 19536 --- [restartedMain] trationDelegate$BeanPostProcessorChecker : Bean 'org.springframework.transaction.annotation.ProxyTransactionManagementConfiguration' of type [org.springframework.transaction.annotation.ProxyTransactionManagementConfiguration$$EnhancerBySpringCGLIB$$6f7fde83] is not eligible for getting processed by all BeanPostProcessors (for example: not eligible for auto-proxying)
2019-03-15 00:02:07.329  INFO 19536 --- [restartedMain] o.s.b.w.embedded.tomcat.TomcatWebServer  : Tomcat initialized with port(s): 80 (http)
2019-03-15 00:02:07.352  INFO 19536 --- [restartedMain] o.apache.catalina.core.StandardService   : Starting service [Tomcat]
2019-03-15 00:02:07.352  INFO 19536 --- [restartedMain] org.apache.catalina.core.StandardEngine  : Starting Servlet Engine: Apache Tomcat/8.5.28
2019-03-15 00:02:07.357  INFO 19536 --- [localhost-startStop-1] o.a.catalina.core.AprLifecycleListener   : The APR based Apache Tomcat Native library which allows optimal performance in production environments was not found on the java.library.path: [C:\Program Files\Java\jre1.8.0_144\bin;C:\WINDOWS\Sun\Java\bin;C:\WINDOWS\system32;C:\WINDOWS;C:/Program Files/Java/jre1.8.0_144/bin/server;C:/Program Files/Java/jre1.8.0_144/bin;C:/Program Files/Java/jre1.8.0_144/lib/amd64;C:\ProgramData\Oracle\Java\javapath;C:\Program Files (x86)\Intel\iCLS Client\;C:\Program Files\Intel\iCLS Client\;C:\windows\system32;C:\windows;C:\windows\System32\Wbem;C:\windows\System32\WindowsPowerShell\v1.0\;C:\Program Files (x86)\NVIDIA Corporation\PhysX\Common;C:\Program Files (x86)\Intel\Intel(R) Management Engine Components\DAL;C:\Program Files\Intel\Intel(R) Management Engine Components\DAL;C:\Program Files (x86)\Intel\Intel(R) Management Engine Components\IPT;C:\Program Files\Intel\Intel(R) Management Engine Components\IPT;C:\Program Files\Java\jdk1.8.0_144\\bin;C:\Program Files\Java\jdk1.8.0_144\\jre\bin;D:\开发软件\maven\apache-maven-3.3.9-bin\apache-maven-3.3.9\bin;D:\setup_position\nodeJs\;C:\WINDOWS\system32;C:\WINDOWS;C:\WINDOWS\System32\Wbem;C:\WINDOWS\System32\WindowsPowerShell\v1.0\;D:\Program Files\Git\Git\cmd;D:\setup_position\nodeJs;C:\WINDOWS\System32\OpenSSH\;C:\Users\admin\AppData\Local\Microsoft\WindowsApps;C:\Users\admin\AppData\Roaming\npm;;D:\setup_position\vscode\Microsoft VS Code\bin;D:\开发软件\sts\spring-tool-suite-3.9.0.RELEASE-e4.7.0-win32-x86_64\sts-bundle\sts-3.9.0.RELEASE;;.]
2019-03-15 00:02:07.509  INFO 19536 --- [localhost-startStop-1] o.a.c.c.C.[Tomcat].[localhost].[/]       : Initializing Spring embedded WebApplicationContext
2019-03-15 00:02:07.509  INFO 19536 --- [localhost-startStop-1] o.s.web.context.ContextLoader            : Root WebApplicationContext: initialization completed in 1908 ms
2019-03-15 00:02:07.672  INFO 19536 --- [localhost-startStop-1] o.s.b.w.servlet.ServletRegistrationBean  : Servlet dispatcherServlet mapped to [/]
2019-03-15 00:02:07.677  INFO 19536 --- [localhost-startStop-1] o.s.b.w.servlet.FilterRegistrationBean   : Mapping filter: 'characterEncodingFilter' to: [/*]
2019-03-15 00:02:07.678  INFO 19536 --- [localhost-startStop-1] o.s.b.w.servlet.FilterRegistrationBean   : Mapping filter: 'hiddenHttpMethodFilter' to: [/*]
2019-03-15 00:02:07.678  INFO 19536 --- [localhost-startStop-1] o.s.b.w.servlet.FilterRegistrationBean   : Mapping filter: 'httpPutFormContentFilter' to: [/*]
2019-03-15 00:02:07.678  INFO 19536 --- [localhost-startStop-1] o.s.b.w.servlet.FilterRegistrationBean   : Mapping filter: 'requestContextFilter' to: [/*]
2019-03-15 00:02:07.876  INFO 19536 --- [restartedMain] com.zaxxer.hikari.HikariDataSource       : HikariPool-1 - Starting...
2019-03-15 00:02:08.037  INFO 19536 --- [restartedMain] com.zaxxer.hikari.HikariDataSource       : HikariPool-1 - Start completed.
2019-03-15 00:02:08.085  INFO 19536 --- [restartedMain] j.LocalContainerEntityManagerFactoryBean : Building JPA container EntityManagerFactory for persistence unit 'default'
2019-03-15 00:02:08.198  INFO 19536 --- [restartedMain] o.hibernate.jpa.internal.util.LogHelper  : HHH000204: Processing PersistenceUnitInfo [
	name: default
	...]
2019-03-15 00:02:08.279  INFO 19536 --- [restartedMain] org.hibernate.Version                    : HHH000412: Hibernate Core {5.2.14.Final}
2019-03-15 00:02:08.281  INFO 19536 --- [restartedMain] org.hibernate.cfg.Environment            : HHH000206: hibernate.properties not found
2019-03-15 00:02:08.319  INFO 19536 --- [restartedMain] o.hibernate.annotations.common.Version   : HCANN000001: Hibernate Commons Annotations {5.0.1.Final}
2019-03-15 00:02:08.458  INFO 19536 --- [restartedMain] org.hibernate.dialect.Dialect            : HHH000400: Using dialect: org.hibernate.dialect.MySQLDialect
2019-03-15 00:02:08.654  INFO 19536 --- [restartedMain] j.LocalContainerEntityManagerFactoryBean : Initialized JPA EntityManagerFactory for persistence unit 'default'
2019-03-15 00:02:09.762  INFO 19536 --- [restartedMain] s.w.s.m.m.a.RequestMappingHandlerAdapter : Looking for @ControllerAdvice: org.springframework.boot.web.servlet.context.AnnotationConfigServletWebServerApplicationContext@6bbc36e5: startup date [Fri Mar 15 00:02:05 CST 2019]; root of context hierarchy
2019-03-15 00:02:09.801  WARN 19536 --- [restartedMain] aWebConfiguration$JpaWebMvcConfiguration : spring.jpa.open-in-view is enabled by default. Therefore, database queries may be performed during view rendering. Explicitly configure spring.jpa.open-in-view to disable this warning
2019-03-15 00:02:09.858  INFO 19536 --- [restartedMain] s.w.s.m.m.a.RequestMappingHandlerMapping : Mapped "{[/article/pullPage || /blog/pullPage],methods=[POST]}" onto public java.util.Map<java.lang.String, java.lang.Object> com.fullexception.controller.ArticleController.selectPage(java.lang.Integer,javax.servlet.http.HttpServletRequest)
2019-03-15 00:02:09.859  INFO 19536 --- [restartedMain] s.w.s.m.m.a.RequestMappingHandlerMapping : Mapped "{[/article/addArticleGroup || /blog/addArticleGroup],methods=[POST]}" onto public java.util.Map<java.lang.String, java.lang.Object> com.fullexception.controller.ArticleController.addArticleGroup(java.lang.String,javax.servlet.http.HttpServletRequest)
2019-03-15 00:02:09.859  INFO 19536 --- [restartedMain] s.w.s.m.m.a.RequestMappingHandlerMapping : Mapped "{[/article/showArticle || /blog/showArticle],methods=[GET]}" onto public java.lang.String com.fullexception.controller.ArticleController.showArticle(javax.servlet.http.HttpServletRequest,org.springframework.ui.ModelMap)
2019-03-15 00:02:09.859  INFO 19536 --- [restartedMain] s.w.s.m.m.a.RequestMappingHandlerMapping : Mapped "{[/article/editBlog || /blog/editBlog],methods=[GET]}" onto public java.lang.String com.fullexception.controller.ArticleController.editBlog(javax.servlet.http.HttpServletRequest,org.springframework.ui.ModelMap)
2019-03-15 00:02:09.860  INFO 19536 --- [restartedMain] s.w.s.m.m.a.RequestMappingHandlerMapping : Mapped "{[/article/writeBlog || /blog/writeBlog],methods=[POST]}" onto public java.util.Map<java.lang.String, java.lang.Object> com.fullexception.controller.ArticleController.writeBlog(int,java.lang.String,java.lang.String,java.lang.String,javax.servlet.http.HttpServletRequest,org.springframework.ui.ModelMap)
2019-03-15 00:02:09.860  INFO 19536 --- [restartedMain] s.w.s.m.m.a.RequestMappingHandlerMapping : Mapped "{[/article/discuss || /blog/discuss],methods=[POST]}" onto public java.util.Map<java.lang.String, java.lang.String> com.fullexception.controller.ArticleController.discuss(java.lang.String,int,javax.servlet.http.HttpServletRequest)
2019-03-15 00:02:09.862  INFO 19536 --- [restartedMain] s.w.s.m.m.a.RequestMappingHandlerMapping : Mapped "{[/register],methods=[POST]}" onto public java.util.Map<java.lang.String, java.lang.String> com.fullexception.controller.VisitorController.register(java.lang.String,java.lang.String,java.lang.String)
2019-03-15 00:02:09.862  INFO 19536 --- [restartedMain] s.w.s.m.m.a.RequestMappingHandlerMapping : Mapped "{[/],methods=[GET]}" onto public java.lang.String com.fullexception.controller.VisitorController.touristVisitor(javax.servlet.http.HttpServletRequest,org.springframework.ui.ModelMap)
2019-03-15 00:02:09.862  INFO 19536 --- [restartedMain] s.w.s.m.m.a.RequestMappingHandlerMapping : Mapped "{[/login],methods=[POST]}" onto public java.util.Map<java.lang.String, java.lang.String> com.fullexception.controller.VisitorController.login(java.lang.String,java.lang.String,javax.servlet.http.HttpServletResponse,javax.servlet.http.HttpServletRequest)
2019-03-15 00:02:09.863  INFO 19536 --- [restartedMain] s.w.s.m.m.a.RequestMappingHandlerMapping : Mapped "{[/quitLogin],methods=[POST]}" onto public java.util.Map<java.lang.String, java.lang.String> com.fullexception.controller.VisitorController.quitLogin(javax.servlet.http.HttpServletRequest)
2019-03-15 00:02:09.863  INFO 19536 --- [restartedMain] s.w.s.m.m.a.RequestMappingHandlerMapping : Mapped "{[/blog],methods=[GET]}" onto public java.lang.String com.fullexception.controller.VisitorController.showBlog(javax.servlet.http.HttpServletRequest,org.springframework.ui.ModelMap)
2019-03-15 00:02:09.866  INFO 19536 --- [restartedMain] s.w.s.m.m.a.RequestMappingHandlerMapping : Mapped "{[/error]}" onto public org.springframework.http.ResponseEntity<java.util.Map<java.lang.String, java.lang.Object>> org.springframework.boot.autoconfigure.web.servlet.error.BasicErrorController.error(javax.servlet.http.HttpServletRequest)
2019-03-15 00:02:09.867  INFO 19536 --- [restartedMain] s.w.s.m.m.a.RequestMappingHandlerMapping : Mapped "{[/error],produces=[text/html]}" onto public org.springframework.web.servlet.ModelAndView org.springframework.boot.autoconfigure.web.servlet.error.BasicErrorController.errorHtml(javax.servlet.http.HttpServletRequest,javax.servlet.http.HttpServletResponse)
2019-03-15 00:02:09.959  INFO 19536 --- [restartedMain] o.s.w.s.handler.SimpleUrlHandlerMapping  : Mapped URL path [/webjars/**] onto handler of type [class org.springframework.web.servlet.resource.ResourceHttpRequestHandler]
2019-03-15 00:02:09.959  INFO 19536 --- [restartedMain] o.s.w.s.handler.SimpleUrlHandlerMapping  : Mapped URL path [/**] onto handler of type [class org.springframework.web.servlet.resource.ResourceHttpRequestHandler]
2019-03-15 00:02:10.038  INFO 19536 --- [restartedMain] o.s.w.s.handler.SimpleUrlHandlerMapping  : Mapped URL path [/**/favicon.ico] onto handler of type [class org.springframework.web.servlet.resource.ResourceHttpRequestHandler]
2019-03-15 00:02:10.105  WARN 19536 --- [restartedMain] org.thymeleaf.templatemode.TemplateMode  : [THYMELEAF][restartedMain] Template Mode 'HTML5' is deprecated. Using Template Mode 'HTML' instead.
2019-03-15 00:02:10.184  INFO 19536 --- [restartedMain] o.s.b.a.w.s.WelcomePageHandlerMapping    : Adding welcome page template: index
2019-03-15 00:02:10.493  INFO 19536 --- [restartedMain] o.s.b.d.a.OptionalLiveReloadServer       : LiveReload server is running on port 35729
2019-03-15 00:02:10.748  INFO 19536 --- [restartedMain] o.s.j.e.a.AnnotationMBeanExporter        : Registering beans for JMX exposure on startup
2019-03-15 00:02:10.749  INFO 19536 --- [restartedMain] o.s.j.e.a.AnnotationMBeanExporter        : Bean with name 'dataSource' has been autodetected for JMX exposure
2019-03-15 00:02:10.755  INFO 19536 --- [restartedMain] o.s.j.e.a.AnnotationMBeanExporter        : Located MBean 'dataSource': registering with JMX server as MBean [com.zaxxer.hikari:name=dataSource,type=HikariDataSource]
2019-03-15 00:02:10.793  INFO 19536 --- [restartedMain] o.s.b.w.embedded.tomcat.TomcatWebServer  : Tomcat started on port(s): 80 (http) with context path ''
2019-03-15 00:02:10.797  INFO 19536 --- [restartedMain] com.fullexception.AliciaDoApplication    : Started AliciaDoApplication in 5.624 seconds (JVM running for 7.163)
2019-03-15 00:02:11.593  INFO 19536 --- [http-nio-80-exec-1] o.a.c.c.C.[Tomcat].[localhost].[/]       : Initializing Spring FrameworkServlet 'dispatcherServlet'
2019-03-15 00:02:11.593  INFO 19536 --- [http-nio-80-exec-1] o.s.web.servlet.DispatcherServlet        : FrameworkServlet 'dispatcherServlet': initialization started
2019-03-15 00:02:11.625  INFO 19536 --- [http-nio-80-exec-1] o.s.web.servlet.DispatcherServlet        : FrameworkServlet 'dispatcherServlet': initialization completed in 31 ms
2019-03-15 00:02:25.297  INFO 19536 --- [RMI TCP Connection(7)-127.0.0.1] inMXBeanRegistrar$SpringApplicationAdmin : Application shutdown requested.
2019-03-15 00:02:25.297  INFO 19536 --- [RMI TCP Connection(7)-127.0.0.1] ConfigServletWebServerApplicationContext : Closing org.springframework.boot.web.servlet.context.AnnotationConfigServletWebServerApplicationContext@6bbc36e5: startup date [Fri Mar 15 00:02:05 CST 2019]; root of context hierarchy
2019-03-15 00:02:25.300  INFO 19536 --- [RMI TCP Connection(7)-127.0.0.1] o.s.j.e.a.AnnotationMBeanExporter        : Unregistering JMX-exposed beans on shutdown
2019-03-15 00:02:25.301  INFO 19536 --- [RMI TCP Connection(7)-127.0.0.1] o.s.j.e.a.AnnotationMBeanExporter        : Unregistering JMX-exposed beans
2019-03-15 00:02:25.302  INFO 19536 --- [RMI TCP Connection(7)-127.0.0.1] j.LocalContainerEntityManagerFactoryBean : Closing JPA EntityManagerFactory for persistence unit 'default'
2019-03-15 00:02:25.303  INFO 19536 --- [RMI TCP Connection(7)-127.0.0.1] com.zaxxer.hikari.HikariDataSource       : HikariPool-1 - Shutdown initiated...
2019-03-15 00:02:25.307  INFO 19536 --- [RMI TCP Connection(7)-127.0.0.1] com.zaxxer.hikari.HikariDataSource       : HikariPool-1 - Shutdown completed.
2019-03-15 00:02:34.358  INFO 14528 --- [main] c.f.AliciaDoApplicationTests             : Starting AliciaDoApplicationTests on LAPTOP-VCCELDHN with PID 14528 (started by admin in D:\repository\git\alicia_do)
2019-03-15 00:02:34.359  INFO 14528 --- [main] c.f.AliciaDoApplicationTests             : No active profile set, falling back to default profiles: default
2019-03-15 00:02:34.423  INFO 14528 --- [main] o.s.w.c.s.GenericWebApplicationContext   : Refreshing org.springframework.web.context.support.GenericWebApplicationContext@64c63c79: startup date [Fri Mar 15 00:02:34 CST 2019]; root of context hierarchy
2019-03-15 00:02:35.433  INFO 14528 --- [main] f.a.AutowiredAnnotationBeanPostProcessor : JSR-330 'javax.inject.Inject' annotation found and supported for autowiring
2019-03-15 00:02:35.564  INFO 14528 --- [main] trationDelegate$BeanPostProcessorChecker : Bean 'org.springframework.transaction.annotation.ProxyTransactionManagementConfiguration' of type [org.springframework.transaction.annotation.ProxyTransactionManagementConfiguration$$EnhancerBySpringCGLIB$$abc6389b] is not eligible for getting processed by all BeanPostProcessors (for example: not eligible for auto-proxying)
2019-03-15 00:02:35.782  INFO 14528 --- [main] com.zaxxer.hikari.HikariDataSource       : HikariPool-1 - Starting...
2019-03-15 00:02:36.044  INFO 14528 --- [main] com.zaxxer.hikari.HikariDataSource       : HikariPool-1 - Start completed.
2019-03-15 00:02:36.103  INFO 14528 --- [main] j.LocalContainerEntityManagerFactoryBean : Building JPA container EntityManagerFactory for persistence unit 'default'
2019-03-15 00:02:36.124  INFO 14528 --- [main] o.hibernate.jpa.internal.util.LogHelper  : HHH000204: Processing PersistenceUnitInfo [
	name: default
	...]
2019-03-15 00:02:36.223  INFO 14528 --- [main] org.hibernate.Version                    : HHH000412: Hibernate Core {5.2.14.Final}
2019-03-15 00:02:36.225  INFO 14528 --- [main] org.hibernate.cfg.Environment            : HHH000206: hibernate.properties not found
2019-03-15 00:02:36.268  INFO 14528 --- [main] o.hibernate.annotations.common.Version   : HCANN000001: Hibernate Commons Annotations {5.0.1.Final}
2019-03-15 00:02:36.382  INFO 14528 --- [main] org.hibernate.dialect.Dialect            : HHH000400: Using dialect: org.hibernate.dialect.MySQLDialect
2019-03-15 00:02:36.813  INFO 14528 --- [main] j.LocalContainerEntityManagerFactoryBean : Initialized JPA EntityManagerFactory for persistence unit 'default'
2019-03-15 00:02:37.850  INFO 14528 --- [main] s.w.s.m.m.a.RequestMappingHandlerAdapter : Looking for @ControllerAdvice: org.springframework.web.context.support.GenericWebApplicationContext@64c63c79: startup date [Fri Mar 15 00:02:34 CST 2019]; root of context hierarchy
2019-03-15 00:02:37.891  WARN 14528 --- [main] aWebConfiguration$JpaWebMvcConfiguration : spring.jpa.open-in-view is enabled by default. Therefore, database queries may be performed during view rendering. Explicitly configure spring.jpa.open-in-view to disable this warning
2019-03-15 00:02:37.946  INFO 14528 --- [main] s.w.s.m.m.a.RequestMappingHandlerMapping : Mapped "{[/article/pullPage || /blog/pullPage],methods=[POST]}" onto public java.util.Map<java.lang.String, java.lang.Object> com.fullexception.controller.ArticleController.selectPage(java.lang.Integer,javax.servlet.http.HttpServletRequest)
2019-03-15 00:02:37.947  INFO 14528 --- [main] s.w.s.m.m.a.RequestMappingHandlerMapping : Mapped "{[/article/editBlog || /blog/editBlog],methods=[GET]}" onto public java.lang.String com.fullexception.controller.ArticleController.editBlog(javax.servlet.http.HttpServletRequest,org.springframework.ui.ModelMap)
2019-03-15 00:02:37.948  INFO 14528 --- [main] s.w.s.m.m.a.RequestMappingHandlerMapping : Mapped "{[/article/writeBlog || /blog/writeBlog],methods=[POST]}" onto public java.util.Map<java.lang.String, java.lang.Object> com.fullexception.controller.ArticleController.writeBlog(int,java.lang.String,java.lang.String,java.lang.String,javax.servlet.http.HttpServletRequest,org.springframework.ui.ModelMap)
2019-03-15 00:02:37.949  INFO 14528 --- [main] s.w.s.m.m.a.RequestMappingHandlerMapping : Mapped "{[/article/discuss || /blog/discuss],methods=[POST]}" onto public java.util.Map<java.lang.String, java.lang.String> com.fullexception.controller.ArticleController.discuss(java.lang.String,int,javax.servlet.http.HttpServletRequest)
2019-03-15 00:02:37.949  INFO 14528 --- [main] s.w.s.m.m.a.RequestMappingHandlerMapping : Mapped "{[/article/showArticle || /blog/showArticle],methods=[GET]}" onto public java.lang.String com.fullexception.controller.ArticleController.showArticle(javax.servlet.http.HttpServletRequest,org.springframework.ui.ModelMap)
2019-03-15 00:02:37.949  INFO 14528 --- [main] s.w.s.m.m.a.RequestMappingHandlerMapping : Mapped "{[/article/addArticleGroup || /blog/addArticleGroup],methods=[POST]}" onto public java.util.Map<java.lang.String, java.lang.Object> com.fullexception.controller.ArticleController.addArticleGroup(java.lang.String,javax.servlet.http.HttpServletRequest)
2019-03-15 00:02:37.952  INFO 14528 --- [main] s.w.s.m.m.a.RequestMappingHandlerMapping : Mapped "{[/register],methods=[POST]}" onto public java.util.Map<java.lang.String, java.lang.String> com.fullexception.controller.VisitorController.register(java.lang.String,java.lang.String,java.lang.String)
2019-03-15 00:02:37.952  INFO 14528 --- [main] s.w.s.m.m.a.RequestMappingHandlerMapping : Mapped "{[/login],methods=[POST]}" onto public java.util.Map<java.lang.String, java.lang.String> com.fullexception.controller.VisitorController.login(java.lang.String,java.lang.String,javax.servlet.http.HttpServletResponse,javax.servlet.http.HttpServletRequest)
2019-03-15 00:02:37.952  INFO 14528 --- [main] s.w.s.m.m.a.RequestMappingHandlerMapping : Mapped "{[/blog],methods=[GET]}" onto public java.lang.String com.fullexception.controller.VisitorController.showBlog(javax.servlet.http.HttpServletRequest,org.springframework.ui.ModelMap)
2019-03-15 00:02:37.952  INFO 14528 --- [main] s.w.s.m.m.a.RequestMappingHandlerMapping : Mapped "{[/],methods=[GET]}" onto public java.lang.String com.fullexception.controller.VisitorController.touristVisitor(javax.servlet.http.HttpServletRequest,org.springframework.ui.ModelMap)
2019-03-15 00:02:37.953  INFO 14528 --- [main] s.w.s.m.m.a.RequestMappingHandlerMapping : Mapped "{[/quitLogin],methods=[POST]}" onto public java.util.Map<java.lang.String, java.lang.String> com.fullexception.controller.VisitorController.quitLogin(javax.servlet.http.HttpServletRequest)
2019-03-15 00:02:37.957  INFO 14528 --- [main] s.w.s.m.m.a.RequestMappingHandlerMapping : Mapped "{[/error]}" onto public org.springframework.http.ResponseEntity<java.util.Map<java.lang.String, java.lang.Object>> org.springframework.boot.autoconfigure.web.servlet.error.BasicErrorController.error(javax.servlet.http.HttpServletRequest)
2019-03-15 00:02:37.959  INFO 14528 --- [main] s.w.s.m.m.a.RequestMappingHandlerMapping : Mapped "{[/error],produces=[text/html]}" onto public org.springframework.web.servlet.ModelAndView org.springframework.boot.autoconfigure.web.servlet.error.BasicErrorController.errorHtml(javax.servlet.http.HttpServletRequest,javax.servlet.http.HttpServletResponse)
2019-03-15 00:02:38.006  INFO 14528 --- [main] o.s.w.s.handler.SimpleUrlHandlerMapping  : Mapped URL path [/webjars/**] onto handler of type [class org.springframework.web.servlet.resource.ResourceHttpRequestHandler]
2019-03-15 00:02:38.007  INFO 14528 --- [main] o.s.w.s.handler.SimpleUrlHandlerMapping  : Mapped URL path [/**] onto handler of type [class org.springframework.web.servlet.resource.ResourceHttpRequestHandler]
2019-03-15 00:02:38.050  INFO 14528 --- [main] o.s.w.s.handler.SimpleUrlHandlerMapping  : Mapped URL path [/**/favicon.ico] onto handler of type [class org.springframework.web.servlet.resource.ResourceHttpRequestHandler]
2019-03-15 00:02:38.091  WARN 14528 --- [main] org.thymeleaf.templatemode.TemplateMode  : [THYMELEAF][main] Template Mode 'HTML5' is deprecated. Using Template Mode 'HTML' instead.
2019-03-15 00:02:38.140  INFO 14528 --- [main] o.s.b.a.w.s.WelcomePageHandlerMapping    : Adding welcome page template: index
2019-03-15 00:02:38.369  INFO 14528 --- [main] c.f.AliciaDoApplicationTests             : Started AliciaDoApplicationTests in 4.382 seconds (JVM running for 5.237)
2019-03-15 00:02:38.464  INFO 14528 --- [main] .b.t.c.SpringBootTestContextBootstrapper : Neither @ContextConfiguration nor @ContextHierarchy found for test class [com.fullexception.service.UserTest], using SpringBootContextLoader
2019-03-15 00:02:38.465  INFO 14528 --- [main] o.s.t.c.support.AbstractContextLoader    : Could not detect default resource locations for test class [com.fullexception.service.UserTest]: no resource found for suffixes {-context.xml, Context.groovy}.
2019-03-15 00:02:38.513  INFO 14528 --- [main] .b.t.c.SpringBootTestContextBootstrapper : Loaded default TestExecutionListener class names from location [META-INF/spring.factories]: [org.springframework.boot.test.mock.mockito.MockitoTestExecutionListener, org.springframework.boot.test.mock.mockito.ResetMocksTestExecutionListener, org.springframework.boot.test.autoconfigure.restdocs.RestDocsTestExecutionListener, org.springframework.boot.test.autoconfigure.web.client.MockRestServiceServerResetTestExecutionListener, org.springframework.boot.test.autoconfigure.web.servlet.MockMvcPrintOnlyOnFailureTestExecutionListener, org.springframework.boot.test.autoconfigure.web.servlet.WebDriverTestExecutionListener, org.springframework.test.context.web.ServletTestExecutionListener, org.springframework.test.context.support.DirtiesContextBeforeModesTestExecutionListener, org.springframework.test.context.support.DependencyInjectionTestExecutionListener, org.springframework.test.context.support.DirtiesContextTestExecutionListener, org.springframework.test.context.transaction.TransactionalTestExecutionListener, org.springframework.test.context.jdbc.SqlScriptsTestExecutionListener]
2019-03-15 00:02:38.513  INFO 14528 --- [main] .b.t.c.SpringBootTestContextBootstrapper : Using TestExecutionListeners: [org.springframework.test.context.web.ServletTestExecutionListener@21e5f0b6, org.springframework.test.context.support.DirtiesContextBeforeModesTestExecutionListener@93bf0e0, org.springframework.boot.test.mock.mockito.MockitoTestExecutionListener@4981d95b, org.springframework.boot.test.autoconfigure.SpringBootDependencyInjectionTestExecutionListener@656842bc, org.springframework.test.context.support.DirtiesContextTestExecutionListener@6b867ee7, org.springframework.test.context.transaction.TransactionalTestExecutionListener@3dec3f87, org.springframework.test.context.jdbc.SqlScriptsTestExecutionListener@7a606260, org.springframework.boot.test.mock.mockito.ResetMocksTestExecutionListener@5dbab232, org.springframework.boot.test.autoconfigure.restdocs.RestDocsTestExecutionListener@5939e24, org.springframework.boot.test.autoconfigure.web.client.MockRestServiceServerResetTestExecutionListener@595f9916, org.springframework.boot.test.autoconfigure.web.servlet.MockMvcPrintOnlyOnFailureTestExecutionListener@2055833f, org.springframework.boot.test.autoconfigure.web.servlet.WebDriverTestExecutionListener@28768e25]
2019-03-15 00:02:38.571  INFO 14528 --- [main] com.fullexception.service.UserTest       : Starting UserTest on LAPTOP-VCCELDHN with PID 14528 (started by admin in D:\repository\git\alicia_do)
2019-03-15 00:02:38.572  INFO 14528 --- [main] com.fullexception.service.UserTest       : No active profile set, falling back to default profiles: default
2019-03-15 00:02:38.575  INFO 14528 --- [main] o.s.w.c.s.GenericWebApplicationContext   : Refreshing org.springframework.web.context.support.GenericWebApplicationContext@6dae70f9: startup date [Fri Mar 15 00:02:38 CST 2019]; root of context hierarchy
2019-03-15 00:02:38.827  INFO 14528 --- [main] f.a.AutowiredAnnotationBeanPostProcessor : JSR-330 'javax.inject.Inject' annotation found and supported for autowiring
2019-03-15 00:02:38.880  INFO 14528 --- [main] trationDelegate$BeanPostProcessorChecker : Bean 'org.springframework.transaction.annotation.ProxyTransactionManagementConfiguration' of type [org.springframework.transaction.annotation.ProxyTransactionManagementConfiguration$$EnhancerBySpringCGLIB$$abc6389b] is not eligible for getting processed by all BeanPostProcessors (for example: not eligible for auto-proxying)
2019-03-15 00:02:38.980  INFO 14528 --- [main] com.zaxxer.hikari.HikariDataSource       : HikariPool-2 - Starting...
2019-03-15 00:02:38.987  INFO 14528 --- [main] com.zaxxer.hikari.HikariDataSource       : HikariPool-2 - Start completed.
2019-03-15 00:02:39.004  INFO 14528 --- [main] j.LocalContainerEntityManagerFactoryBean : Building JPA container EntityManagerFactory for persistence unit 'default'
2019-03-15 00:02:39.004  INFO 14528 --- [main] o.hibernate.jpa.internal.util.LogHelper  : HHH000204: Processing PersistenceUnitInfo [
	name: default
	...]
2019-03-15 00:02:39.011  INFO 14528 --- [main] org.hibernate.dialect.Dialect            : HHH000400: Using dialect: org.hibernate.dialect.MySQLDialect
2019-03-15 00:02:39.023  INFO 14528 --- [main] j.LocalContainerEntityManagerFactoryBean : Initialized JPA EntityManagerFactory for persistence unit 'default'
2019-03-15 00:02:39.457  INFO 14528 --- [main] s.w.s.m.m.a.RequestMappingHandlerAdapter : Looking for @ControllerAdvice: org.springframework.web.context.support.GenericWebApplicationContext@6dae70f9: startup date [Fri Mar 15 00:02:38 CST 2019]; root of context hierarchy
2019-03-15 00:02:39.463  WARN 14528 --- [main] aWebConfiguration$JpaWebMvcConfiguration : spring.jpa.open-in-view is enabled by default. Therefore, database queries may be performed during view rendering. Explicitly configure spring.jpa.open-in-view to disable this warning
2019-03-15 00:02:39.485  INFO 14528 --- [main] s.w.s.m.m.a.RequestMappingHandlerMapping : Mapped "{[/article/pullPage || /blog/pullPage],methods=[POST]}" onto public java.util.Map<java.lang.String, java.lang.Object> com.fullexception.controller.ArticleController.selectPage(java.lang.Integer,javax.servlet.http.HttpServletRequest)
2019-03-15 00:02:39.486  INFO 14528 --- [main] s.w.s.m.m.a.RequestMappingHandlerMapping : Mapped "{[/article/editBlog || /blog/editBlog],methods=[GET]}" onto public java.lang.String com.fullexception.controller.ArticleController.editBlog(javax.servlet.http.HttpServletRequest,org.springframework.ui.ModelMap)
2019-03-15 00:02:39.486  INFO 14528 --- [main] s.w.s.m.m.a.RequestMappingHandlerMapping : Mapped "{[/article/writeBlog || /blog/writeBlog],methods=[POST]}" onto public java.util.Map<java.lang.String, java.lang.Object> com.fullexception.controller.ArticleController.writeBlog(int,java.lang.String,java.lang.String,java.lang.String,javax.servlet.http.HttpServletRequest,org.springframework.ui.ModelMap)
2019-03-15 00:02:39.487  INFO 14528 --- [main] s.w.s.m.m.a.RequestMappingHandlerMapping : Mapped "{[/article/discuss || /blog/discuss],methods=[POST]}" onto public java.util.Map<java.lang.String, java.lang.String> com.fullexception.controller.ArticleController.discuss(java.lang.String,int,javax.servlet.http.HttpServletRequest)
2019-03-15 00:02:39.487  INFO 14528 --- [main] s.w.s.m.m.a.RequestMappingHandlerMapping : Mapped "{[/article/showArticle || /blog/showArticle],methods=[GET]}" onto public java.lang.String com.fullexception.controller.ArticleController.showArticle(javax.servlet.http.HttpServletRequest,org.springframework.ui.ModelMap)
2019-03-15 00:02:39.487  INFO 14528 --- [main] s.w.s.m.m.a.RequestMappingHandlerMapping : Mapped "{[/article/addArticleGroup || /blog/addArticleGroup],methods=[POST]}" onto public java.util.Map<java.lang.String, java.lang.Object> com.fullexception.controller.ArticleController.addArticleGroup(java.lang.String,javax.servlet.http.HttpServletRequest)
2019-03-15 00:02:39.488  INFO 14528 --- [main] s.w.s.m.m.a.RequestMappingHandlerMapping : Mapped "{[/register],methods=[POST]}" onto public java.util.Map<java.lang.String, java.lang.String> com.fullexception.controller.VisitorController.register(java.lang.String,java.lang.String,java.lang.String)
2019-03-15 00:02:39.490  INFO 14528 --- [main] s.w.s.m.m.a.RequestMappingHandlerMapping : Mapped "{[/login],methods=[POST]}" onto public java.util.Map<java.lang.String, java.lang.String> com.fullexception.controller.VisitorController.login(java.lang.String,java.lang.String,javax.servlet.http.HttpServletResponse,javax.servlet.http.HttpServletRequest)
2019-03-15 00:02:39.491  INFO 14528 --- [main] s.w.s.m.m.a.RequestMappingHandlerMapping : Mapped "{[/blog],methods=[GET]}" onto public java.lang.String com.fullexception.controller.VisitorController.showBlog(javax.servlet.http.HttpServletRequest,org.springframework.ui.ModelMap)
2019-03-15 00:02:39.491  INFO 14528 --- [main] s.w.s.m.m.a.RequestMappingHandlerMapping : Mapped "{[/],methods=[GET]}" onto public java.lang.String com.fullexception.controller.VisitorController.touristVisitor(javax.servlet.http.HttpServletRequest,org.springframework.ui.ModelMap)
2019-03-15 00:02:39.492  INFO 14528 --- [main] s.w.s.m.m.a.RequestMappingHandlerMapping : Mapped "{[/quitLogin],methods=[POST]}" onto public java.util.Map<java.lang.String, java.lang.String> com.fullexception.controller.VisitorController.quitLogin(javax.servlet.http.HttpServletRequest)
2019-03-15 00:02:39.495  INFO 14528 --- [main] s.w.s.m.m.a.RequestMappingHandlerMapping : Mapped "{[/error]}" onto public org.springframework.http.ResponseEntity<java.util.Map<java.lang.String, java.lang.Object>> org.springframework.boot.autoconfigure.web.servlet.error.BasicErrorController.error(javax.servlet.http.HttpServletRequest)
2019-03-15 00:02:39.495  INFO 14528 --- [main] s.w.s.m.m.a.RequestMappingHandlerMapping : Mapped "{[/error],produces=[text/html]}" onto public org.springframework.web.servlet.ModelAndView org.springframework.boot.autoconfigure.web.servlet.error.BasicErrorController.errorHtml(javax.servlet.http.HttpServletRequest,javax.servlet.http.HttpServletResponse)
2019-03-15 00:02:39.567  INFO 14528 --- [main] o.s.w.s.handler.SimpleUrlHandlerMapping  : Mapped URL path [/webjars/**] onto handler of type [class org.springframework.web.servlet.resource.ResourceHttpRequestHandler]
2019-03-15 00:02:39.567  INFO 14528 --- [main] o.s.w.s.handler.SimpleUrlHandlerMapping  : Mapped URL path [/**] onto handler of type [class org.springframework.web.servlet.resource.ResourceHttpRequestHandler]
2019-03-15 00:02:39.599  INFO 14528 --- [main] o.s.w.s.handler.SimpleUrlHandlerMapping  : Mapped URL path [/**/favicon.ico] onto handler of type [class org.springframework.web.servlet.resource.ResourceHttpRequestHandler]
2019-03-15 00:02:39.622  WARN 14528 --- [main] org.thymeleaf.templatemode.TemplateMode  : [THYMELEAF][main] Template Mode 'HTML5' is deprecated. Using Template Mode 'HTML' instead.
2019-03-15 00:02:39.653  INFO 14528 --- [main] o.s.b.a.w.s.WelcomePageHandlerMapping    : Adding welcome page template: index
2019-03-15 00:02:39.810  INFO 14528 --- [main] com.fullexception.service.UserTest       : Started UserTest in 1.294 seconds (JVM running for 6.679)
2019-03-15 00:02:39.838  INFO 14528 --- [Thread-3] o.s.w.c.s.GenericWebApplicationContext   : Closing org.springframework.web.context.support.GenericWebApplicationContext@64c63c79: startup date [Fri Mar 15 00:02:34 CST 2019]; root of context hierarchy
2019-03-15 00:02:39.848  INFO 14528 --- [Thread-5] o.s.w.c.s.GenericWebApplicationContext   : Closing org.springframework.web.context.support.GenericWebApplicationContext@6dae70f9: startup date [Fri Mar 15 00:02:38 CST 2019]; root of context hierarchy
2019-03-15 00:02:39.848  INFO 14528 --- [Thread-3] j.LocalContainerEntityManagerFactoryBean : Closing JPA EntityManagerFactory for persistence unit 'default'
2019-03-15 00:02:39.850  INFO 14528 --- [Thread-3] com.zaxxer.hikari.HikariDataSource       : HikariPool-1 - Shutdown initiated...
2019-03-15 00:02:39.858  INFO 14528 --- [Thread-3] com.zaxxer.hikari.HikariDataSource       : HikariPool-1 - Shutdown completed.
2019-03-15 00:02:39.860  INFO 14528 --- [Thread-5] j.LocalContainerEntityManagerFactoryBean : Closing JPA EntityManagerFactory for persistence unit 'default'
2019-03-15 00:02:39.861  INFO 14528 --- [Thread-5] com.zaxxer.hikari.HikariDataSource       : HikariPool-2 - Shutdown initiated...
2019-03-15 00:02:39.870  INFO 14528 --- [Thread-5] com.zaxxer.hikari.HikariDataSource       : HikariPool-2 - Shutdown completed.
