2019-03-14 00:01:47.290  INFO 17992 --- [Thread-7] ConfigServletWebServerApplicationContext : Closing org.springframework.boot.web.servlet.context.AnnotationConfigServletWebServerApplicationContext@5e91ee7c: startup date [Wed Mar 13 23:58:42 CST 2019]; root of context hierarchy
2019-03-14 00:01:47.298  INFO 17992 --- [Thread-7] o.s.j.e.a.AnnotationMBeanExporter        : Unregistering JMX-exposed beans on shutdown
2019-03-14 00:01:47.300  INFO 17992 --- [Thread-7] o.s.j.e.a.AnnotationMBeanExporter        : Unregistering JMX-exposed beans
2019-03-14 00:01:47.302  INFO 17992 --- [Thread-7] j.LocalContainerEntityManagerFactoryBean : Closing JPA EntityManagerFactory for persistence unit 'default'
2019-03-14 00:01:47.304  INFO 17992 --- [Thread-7] com.zaxxer.hikari.HikariDataSource       : HikariPool-1 - Shutdown initiated...
2019-03-14 00:01:47.313  INFO 17992 --- [Thread-7] com.zaxxer.hikari.HikariDataSource       : HikariPool-1 - Shutdown completed.
2019-03-14 00:01:54.947  INFO 17992 --- [restartedMain] com.fullexception.AliciaDoApplication    : Starting AliciaDoApplication on LAPTOP-VCCELDHN with PID 17992 (D:\repository\git\alicia_do\target\classes started by admin in D:\repository\git\alicia_do)
2019-03-14 00:01:54.948  INFO 17992 --- [restartedMain] com.fullexception.AliciaDoApplication    : No active profile set, falling back to default profiles: default
2019-03-14 00:01:54.951  INFO 17992 --- [restartedMain] ConfigServletWebServerApplicationContext : Refreshing org.springframework.boot.web.servlet.context.AnnotationConfigServletWebServerApplicationContext@2a88d355: startup date [Thu Mar 14 00:01:54 CST 2019]; root of context hierarchy
2019-03-14 00:01:55.543  INFO 17992 --- [restartedMain] f.a.AutowiredAnnotationBeanPostProcessor : JSR-330 'javax.inject.Inject' annotation found and supported for autowiring
2019-03-14 00:01:55.570  INFO 17992 --- [restartedMain] trationDelegate$BeanPostProcessorChecker : Bean 'org.springframework.transaction.annotation.ProxyTransactionManagementConfiguration' of type [org.springframework.transaction.annotation.ProxyTransactionManagementConfiguration$$EnhancerBySpringCGLIB$$c06f5653] is not eligible for getting processed by all BeanPostProcessors (for example: not eligible for auto-proxying)
2019-03-14 00:01:55.728  INFO 17992 --- [restartedMain] o.s.b.w.embedded.tomcat.TomcatWebServer  : Tomcat initialized with port(s): 80 (http)
2019-03-14 00:01:55.729  INFO 17992 --- [restartedMain] o.apache.catalina.core.StandardService   : Starting service [Tomcat]
2019-03-14 00:01:55.729  INFO 17992 --- [restartedMain] org.apache.catalina.core.StandardEngine  : Starting Servlet Engine: Apache Tomcat/8.5.28
2019-03-14 00:01:55.756  INFO 17992 --- [localhost-startStop-1] o.a.c.c.C.[Tomcat].[localhost].[/]       : Initializing Spring embedded WebApplicationContext
2019-03-14 00:01:55.757  INFO 17992 --- [localhost-startStop-1] o.s.web.context.ContextLoader            : Root WebApplicationContext: initialization completed in 806 ms
2019-03-14 00:01:55.806  INFO 17992 --- [localhost-startStop-1] o.s.b.w.servlet.ServletRegistrationBean  : Servlet dispatcherServlet mapped to [/]
2019-03-14 00:01:55.807  INFO 17992 --- [localhost-startStop-1] o.s.b.w.servlet.FilterRegistrationBean   : Mapping filter: 'characterEncodingFilter' to: [/*]
2019-03-14 00:01:55.807  INFO 17992 --- [localhost-startStop-1] o.s.b.w.servlet.FilterRegistrationBean   : Mapping filter: 'hiddenHttpMethodFilter' to: [/*]
2019-03-14 00:01:55.807  INFO 17992 --- [localhost-startStop-1] o.s.b.w.servlet.FilterRegistrationBean   : Mapping filter: 'httpPutFormContentFilter' to: [/*]
2019-03-14 00:01:55.807  INFO 17992 --- [localhost-startStop-1] o.s.b.w.servlet.FilterRegistrationBean   : Mapping filter: 'requestContextFilter' to: [/*]
2019-03-14 00:01:55.858  INFO 17992 --- [restartedMain] com.zaxxer.hikari.HikariDataSource       : HikariPool-2 - Starting...
2019-03-14 00:01:55.871  INFO 17992 --- [restartedMain] com.zaxxer.hikari.HikariDataSource       : HikariPool-2 - Start completed.
2019-03-14 00:01:55.882  INFO 17992 --- [restartedMain] j.LocalContainerEntityManagerFactoryBean : Building JPA container EntityManagerFactory for persistence unit 'default'
2019-03-14 00:01:55.882  INFO 17992 --- [restartedMain] o.hibernate.jpa.internal.util.LogHelper  : HHH000204: Processing PersistenceUnitInfo [
	name: default
	...]
2019-03-14 00:01:55.905  INFO 17992 --- [restartedMain] org.hibernate.dialect.Dialect            : HHH000400: Using dialect: org.hibernate.dialect.MySQLDialect
2019-03-14 00:01:55.915  INFO 17992 --- [restartedMain] j.LocalContainerEntityManagerFactoryBean : Initialized JPA EntityManagerFactory for persistence unit 'default'
2019-03-14 00:01:56.256  INFO 17992 --- [restartedMain] s.w.s.m.m.a.RequestMappingHandlerAdapter : Looking for @ControllerAdvice: org.springframework.boot.web.servlet.context.AnnotationConfigServletWebServerApplicationContext@2a88d355: startup date [Thu Mar 14 00:01:54 CST 2019]; root of context hierarchy
2019-03-14 00:01:56.270  WARN 17992 --- [restartedMain] aWebConfiguration$JpaWebMvcConfiguration : spring.jpa.open-in-view is enabled by default. Therefore, database queries may be performed during view rendering. Explicitly configure spring.jpa.open-in-view to disable this warning
2019-03-14 00:01:56.290  INFO 17992 --- [restartedMain] s.w.s.m.m.a.RequestMappingHandlerMapping : Mapped "{[/article/showArticle || /blog/showArticle],methods=[GET]}" onto public java.lang.String com.fullexception.controller.ArticleController.showArticle(javax.servlet.http.HttpServletRequest,org.springframework.ui.ModelMap)
2019-03-14 00:01:56.291  INFO 17992 --- [restartedMain] s.w.s.m.m.a.RequestMappingHandlerMapping : Mapped "{[/article/pullPage || /blog/pullPage],methods=[POST]}" onto public java.util.Map<java.lang.String, java.lang.Object> com.fullexception.controller.ArticleController.selectPage(java.lang.Integer,javax.servlet.http.HttpServletRequest)
2019-03-14 00:01:56.292  INFO 17992 --- [restartedMain] s.w.s.m.m.a.RequestMappingHandlerMapping : Mapped "{[/article/discuss || /blog/discuss],methods=[POST]}" onto public java.util.Map<java.lang.String, java.lang.String> com.fullexception.controller.ArticleController.discuss(java.lang.String,int,javax.servlet.http.HttpServletRequest)
2019-03-14 00:01:56.292  INFO 17992 --- [restartedMain] s.w.s.m.m.a.RequestMappingHandlerMapping : Mapped "{[/article/writeBlog || /blog/writeBlog],methods=[POST]}" onto public java.util.Map<java.lang.String, java.lang.Object> com.fullexception.controller.ArticleController.writeBlog(int,java.lang.String,java.lang.String,java.lang.String,javax.servlet.http.HttpServletRequest,org.springframework.ui.ModelMap)
2019-03-14 00:01:56.292  INFO 17992 --- [restartedMain] s.w.s.m.m.a.RequestMappingHandlerMapping : Mapped "{[/article/editBlog || /blog/editBlog],methods=[GET]}" onto public java.lang.String com.fullexception.controller.ArticleController.editBlog(javax.servlet.http.HttpServletRequest,org.springframework.ui.ModelMap)
2019-03-14 00:01:56.292  INFO 17992 --- [restartedMain] s.w.s.m.m.a.RequestMappingHandlerMapping : Mapped "{[/article/addArticleGroup || /blog/addArticleGroup],methods=[POST]}" onto public java.util.Map<java.lang.String, java.lang.Object> com.fullexception.controller.ArticleController.addArticleGroup(java.lang.String,javax.servlet.http.HttpServletRequest)
2019-03-14 00:01:56.294  INFO 17992 --- [restartedMain] s.w.s.m.m.a.RequestMappingHandlerMapping : Mapped "{[/register],methods=[POST]}" onto public java.util.Map<java.lang.String, java.lang.String> com.fullexception.controller.VisitorController.register(java.lang.String,java.lang.String,java.lang.String)
2019-03-14 00:01:56.294  INFO 17992 --- [restartedMain] s.w.s.m.m.a.RequestMappingHandlerMapping : Mapped "{[/blog],methods=[GET]}" onto public java.lang.String com.fullexception.controller.VisitorController.showBlog(javax.servlet.http.HttpServletRequest,org.springframework.ui.ModelMap)
2019-03-14 00:01:56.295  INFO 17992 --- [restartedMain] s.w.s.m.m.a.RequestMappingHandlerMapping : Mapped "{[/quitLogin],methods=[POST]}" onto public java.util.Map<java.lang.String, java.lang.String> com.fullexception.controller.VisitorController.quitLogin(javax.servlet.http.HttpServletRequest)
2019-03-14 00:01:56.295  INFO 17992 --- [restartedMain] s.w.s.m.m.a.RequestMappingHandlerMapping : Mapped "{[/],methods=[GET]}" onto public java.lang.String com.fullexception.controller.VisitorController.touristVisitor(javax.servlet.http.HttpServletRequest,org.springframework.ui.ModelMap)
2019-03-14 00:01:56.295  INFO 17992 --- [restartedMain] s.w.s.m.m.a.RequestMappingHandlerMapping : Mapped "{[/login],methods=[POST]}" onto public java.util.Map<java.lang.String, java.lang.String> com.fullexception.controller.VisitorController.login(java.lang.String,java.lang.String,javax.servlet.http.HttpServletResponse,javax.servlet.http.HttpServletRequest)
2019-03-14 00:01:56.298  INFO 17992 --- [restartedMain] s.w.s.m.m.a.RequestMappingHandlerMapping : Mapped "{[/error]}" onto public org.springframework.http.ResponseEntity<java.util.Map<java.lang.String, java.lang.Object>> org.springframework.boot.autoconfigure.web.servlet.error.BasicErrorController.error(javax.servlet.http.HttpServletRequest)
2019-03-14 00:01:56.299  INFO 17992 --- [restartedMain] s.w.s.m.m.a.RequestMappingHandlerMapping : Mapped "{[/error],produces=[text/html]}" onto public org.springframework.web.servlet.ModelAndView org.springframework.boot.autoconfigure.web.servlet.error.BasicErrorController.errorHtml(javax.servlet.http.HttpServletRequest,javax.servlet.http.HttpServletResponse)
2019-03-14 00:01:56.338  INFO 17992 --- [restartedMain] o.s.w.s.handler.SimpleUrlHandlerMapping  : Mapped URL path [/webjars/**] onto handler of type [class org.springframework.web.servlet.resource.ResourceHttpRequestHandler]
2019-03-14 00:01:56.338  INFO 17992 --- [restartedMain] o.s.w.s.handler.SimpleUrlHandlerMapping  : Mapped URL path [/**] onto handler of type [class org.springframework.web.servlet.resource.ResourceHttpRequestHandler]
2019-03-14 00:01:56.377  INFO 17992 --- [restartedMain] o.s.w.s.handler.SimpleUrlHandlerMapping  : Mapped URL path [/**/favicon.ico] onto handler of type [class org.springframework.web.servlet.resource.ResourceHttpRequestHandler]
2019-03-14 00:01:56.401  WARN 17992 --- [restartedMain] org.thymeleaf.templatemode.TemplateMode  : [THYMELEAF][restartedMain] Template Mode 'HTML5' is deprecated. Using Template Mode 'HTML' instead.
2019-03-14 00:01:56.434  INFO 17992 --- [restartedMain] o.s.b.a.w.s.WelcomePageHandlerMapping    : Adding welcome page template: index
2019-03-14 00:01:56.582  INFO 17992 --- [restartedMain] o.s.b.d.a.OptionalLiveReloadServer       : LiveReload server is running on port 35729
2019-03-14 00:01:56.812  INFO 17992 --- [restartedMain] o.s.j.e.a.AnnotationMBeanExporter        : Registering beans for JMX exposure on startup
2019-03-14 00:01:56.812  INFO 17992 --- [restartedMain] o.s.j.e.a.AnnotationMBeanExporter        : Bean with name 'dataSource' has been autodetected for JMX exposure
2019-03-14 00:01:56.815  INFO 17992 --- [restartedMain] o.s.j.e.a.AnnotationMBeanExporter        : Located MBean 'dataSource': registering with JMX server as MBean [com.zaxxer.hikari:name=dataSource,type=HikariDataSource]
2019-03-14 00:01:56.822  INFO 17992 --- [restartedMain] o.s.b.w.embedded.tomcat.TomcatWebServer  : Tomcat started on port(s): 80 (http) with context path ''
2019-03-14 00:01:56.823  INFO 17992 --- [restartedMain] com.fullexception.AliciaDoApplication    : Started AliciaDoApplication in 1.923 seconds (JVM running for 195.579)
2019-03-14 00:01:56.826  INFO 17992 --- [restartedMain] .ConditionEvaluationDeltaLoggingListener : Condition evaluation unchanged
2019-03-14 00:01:57.036  INFO 17992 --- [http-nio-80-exec-1] o.a.c.c.C.[Tomcat].[localhost].[/]       : Initializing Spring FrameworkServlet 'dispatcherServlet'
2019-03-14 00:01:57.036  INFO 17992 --- [http-nio-80-exec-1] o.s.web.servlet.DispatcherServlet        : FrameworkServlet 'dispatcherServlet': initialization started
2019-03-14 00:01:57.040  INFO 17992 --- [http-nio-80-exec-1] o.s.web.servlet.DispatcherServlet        : FrameworkServlet 'dispatcherServlet': initialization completed in 4 ms
2019-03-14 00:01:57.070 ERROR 17992 --- [http-nio-80-exec-1] o.a.c.c.C.[.[.[/].[dispatcherServlet]    : Servlet.service() for servlet [dispatcherServlet] in context with path [] threw exception [Request processing failed; nested exception is java.lang.NullPointerException] with root cause

java.lang.NullPointerException: null
	at com.fullexception.controller.ArticleController.showArticle(ArticleController.java:113) ~[classes/:na]
	at sun.reflect.NativeMethodAccessorImpl.invoke0(Native Method) ~[na:1.8.0_144]
	at sun.reflect.NativeMethodAccessorImpl.invoke(Unknown Source) ~[na:1.8.0_144]
	at sun.reflect.DelegatingMethodAccessorImpl.invoke(Unknown Source) ~[na:1.8.0_144]
	at java.lang.reflect.Method.invoke(Unknown Source) ~[na:1.8.0_144]
	at org.springframework.web.method.support.InvocableHandlerMethod.doInvoke(InvocableHandlerMethod.java:209) ~[spring-web-5.0.4.RELEASE.jar:5.0.4.RELEASE]
	at org.springframework.web.method.support.InvocableHandlerMethod.invokeForRequest(InvocableHandlerMethod.java:136) ~[spring-web-5.0.4.RELEASE.jar:5.0.4.RELEASE]
	at org.springframework.web.servlet.mvc.method.annotation.ServletInvocableHandlerMethod.invokeAndHandle(ServletInvocableHandlerMethod.java:102) ~[spring-webmvc-5.0.4.RELEASE.jar:5.0.4.RELEASE]
	at org.springframework.web.servlet.mvc.method.annotation.RequestMappingHandlerAdapter.invokeHandlerMethod(RequestMappingHandlerAdapter.java:870) ~[spring-webmvc-5.0.4.RELEASE.jar:5.0.4.RELEASE]
	at org.springframework.web.servlet.mvc.method.annotation.RequestMappingHandlerAdapter.handleInternal(RequestMappingHandlerAdapter.java:776) ~[spring-webmvc-5.0.4.RELEASE.jar:5.0.4.RELEASE]
	at org.springframework.web.servlet.mvc.method.AbstractHandlerMethodAdapter.handle(AbstractHandlerMethodAdapter.java:87) ~[spring-webmvc-5.0.4.RELEASE.jar:5.0.4.RELEASE]
	at org.springframework.web.servlet.DispatcherServlet.doDispatch(DispatcherServlet.java:991) ~[spring-webmvc-5.0.4.RELEASE.jar:5.0.4.RELEASE]
	at org.springframework.web.servlet.DispatcherServlet.doService(DispatcherServlet.java:925) ~[spring-webmvc-5.0.4.RELEASE.jar:5.0.4.RELEASE]
	at org.springframework.web.servlet.FrameworkServlet.processRequest(FrameworkServlet.java:978) ~[spring-webmvc-5.0.4.RELEASE.jar:5.0.4.RELEASE]
	at org.springframework.web.servlet.FrameworkServlet.doGet(FrameworkServlet.java:870) ~[spring-webmvc-5.0.4.RELEASE.jar:5.0.4.RELEASE]
	at javax.servlet.http.HttpServlet.service(HttpServlet.java:635) ~[tomcat-embed-core-8.5.28.jar:8.5.28]
	at org.springframework.web.servlet.FrameworkServlet.service(FrameworkServlet.java:855) ~[spring-webmvc-5.0.4.RELEASE.jar:5.0.4.RELEASE]
	at javax.servlet.http.HttpServlet.service(HttpServlet.java:742) ~[tomcat-embed-core-8.5.28.jar:8.5.28]
	at org.apache.catalina.core.ApplicationFilterChain.internalDoFilter(ApplicationFilterChain.java:231) ~[tomcat-embed-core-8.5.28.jar:8.5.28]
	at org.apache.catalina.core.ApplicationFilterChain.doFilter(ApplicationFilterChain.java:166) ~[tomcat-embed-core-8.5.28.jar:8.5.28]
	at org.apache.tomcat.websocket.server.WsFilter.doFilter(WsFilter.java:52) ~[tomcat-embed-websocket-8.5.28.jar:8.5.28]
	at org.apache.catalina.core.ApplicationFilterChain.internalDoFilter(ApplicationFilterChain.java:193) ~[tomcat-embed-core-8.5.28.jar:8.5.28]
	at org.apache.catalina.core.ApplicationFilterChain.doFilter(ApplicationFilterChain.java:166) ~[tomcat-embed-core-8.5.28.jar:8.5.28]
	at org.springframework.web.filter.RequestContextFilter.doFilterInternal(RequestContextFilter.java:99) ~[spring-web-5.0.4.RELEASE.jar:5.0.4.RELEASE]
	at org.springframework.web.filter.OncePerRequestFilter.doFilter(OncePerRequestFilter.java:107) ~[spring-web-5.0.4.RELEASE.jar:5.0.4.RELEASE]
	at org.apache.catalina.core.ApplicationFilterChain.internalDoFilter(ApplicationFilterChain.java:193) ~[tomcat-embed-core-8.5.28.jar:8.5.28]
	at org.apache.catalina.core.ApplicationFilterChain.doFilter(ApplicationFilterChain.java:166) ~[tomcat-embed-core-8.5.28.jar:8.5.28]
	at org.springframework.web.filter.HttpPutFormContentFilter.doFilterInternal(HttpPutFormContentFilter.java:109) ~[spring-web-5.0.4.RELEASE.jar:5.0.4.RELEASE]
	at org.springframework.web.filter.OncePerRequestFilter.doFilter(OncePerRequestFilter.java:107) ~[spring-web-5.0.4.RELEASE.jar:5.0.4.RELEASE]
	at org.apache.catalina.core.ApplicationFilterChain.internalDoFilter(ApplicationFilterChain.java:193) ~[tomcat-embed-core-8.5.28.jar:8.5.28]
	at org.apache.catalina.core.ApplicationFilterChain.doFilter(ApplicationFilterChain.java:166) ~[tomcat-embed-core-8.5.28.jar:8.5.28]
	at org.springframework.web.filter.HiddenHttpMethodFilter.doFilterInternal(HiddenHttpMethodFilter.java:81) ~[spring-web-5.0.4.RELEASE.jar:5.0.4.RELEASE]
	at org.springframework.web.filter.OncePerRequestFilter.doFilter(OncePerRequestFilter.java:107) ~[spring-web-5.0.4.RELEASE.jar:5.0.4.RELEASE]
	at org.apache.catalina.core.ApplicationFilterChain.internalDoFilter(ApplicationFilterChain.java:193) ~[tomcat-embed-core-8.5.28.jar:8.5.28]
	at org.apache.catalina.core.ApplicationFilterChain.doFilter(ApplicationFilterChain.java:166) ~[tomcat-embed-core-8.5.28.jar:8.5.28]
	at org.springframework.web.filter.CharacterEncodingFilter.doFilterInternal(CharacterEncodingFilter.java:200) ~[spring-web-5.0.4.RELEASE.jar:5.0.4.RELEASE]
	at org.springframework.web.filter.OncePerRequestFilter.doFilter(OncePerRequestFilter.java:107) ~[spring-web-5.0.4.RELEASE.jar:5.0.4.RELEASE]
	at org.apache.catalina.core.ApplicationFilterChain.internalDoFilter(ApplicationFilterChain.java:193) ~[tomcat-embed-core-8.5.28.jar:8.5.28]
	at org.apache.catalina.core.ApplicationFilterChain.doFilter(ApplicationFilterChain.java:166) ~[tomcat-embed-core-8.5.28.jar:8.5.28]
	at org.apache.catalina.core.StandardWrapperValve.invoke(StandardWrapperValve.java:199) ~[tomcat-embed-core-8.5.28.jar:8.5.28]
	at org.apache.catalina.core.StandardContextValve.invoke(StandardContextValve.java:96) [tomcat-embed-core-8.5.28.jar:8.5.28]
	at org.apache.catalina.authenticator.AuthenticatorBase.invoke(AuthenticatorBase.java:496) [tomcat-embed-core-8.5.28.jar:8.5.28]
	at org.apache.catalina.core.StandardHostValve.invoke(StandardHostValve.java:140) [tomcat-embed-core-8.5.28.jar:8.5.28]
	at org.apache.catalina.valves.ErrorReportValve.invoke(ErrorReportValve.java:81) [tomcat-embed-core-8.5.28.jar:8.5.28]
	at org.apache.catalina.core.StandardEngineValve.invoke(StandardEngineValve.java:87) [tomcat-embed-core-8.5.28.jar:8.5.28]
	at org.apache.catalina.connector.CoyoteAdapter.service(CoyoteAdapter.java:342) [tomcat-embed-core-8.5.28.jar:8.5.28]
	at org.apache.coyote.http11.Http11Processor.service(Http11Processor.java:803) [tomcat-embed-core-8.5.28.jar:8.5.28]
	at org.apache.coyote.AbstractProcessorLight.process(AbstractProcessorLight.java:66) [tomcat-embed-core-8.5.28.jar:8.5.28]
	at org.apache.coyote.AbstractProtocol$ConnectionHandler.process(AbstractProtocol.java:790) [tomcat-embed-core-8.5.28.jar:8.5.28]
	at org.apache.tomcat.util.net.NioEndpoint$SocketProcessor.doRun(NioEndpoint.java:1459) [tomcat-embed-core-8.5.28.jar:8.5.28]
	at org.apache.tomcat.util.net.SocketProcessorBase.run(SocketProcessorBase.java:49) [tomcat-embed-core-8.5.28.jar:8.5.28]
	at java.util.concurrent.ThreadPoolExecutor.runWorker(Unknown Source) [na:1.8.0_144]
	at java.util.concurrent.ThreadPoolExecutor$Worker.run(Unknown Source) [na:1.8.0_144]
	at org.apache.tomcat.util.threads.TaskThread$WrappingRunnable.run(TaskThread.java:61) [tomcat-embed-core-8.5.28.jar:8.5.28]
	at java.lang.Thread.run(Unknown Source) [na:1.8.0_144]

2019-03-14 00:02:22.646 ERROR 17992 --- [http-nio-80-exec-8] o.apache.coyote.http11.Http11Processor   : Error processing request

java.lang.NullPointerException: null
	at org.apache.catalina.core.StandardHostValve.invoke(StandardHostValve.java:150) ~[tomcat-embed-core-8.5.28.jar:8.5.28]
	at org.apache.catalina.valves.ErrorReportValve.invoke(ErrorReportValve.java:81) ~[tomcat-embed-core-8.5.28.jar:8.5.28]
	at org.apache.catalina.core.StandardEngineValve.invoke(StandardEngineValve.java:87) ~[tomcat-embed-core-8.5.28.jar:8.5.28]
	at org.apache.catalina.connector.CoyoteAdapter.service(CoyoteAdapter.java:342) ~[tomcat-embed-core-8.5.28.jar:8.5.28]
	at org.apache.coyote.http11.Http11Processor.service(Http11Processor.java:803) ~[tomcat-embed-core-8.5.28.jar:8.5.28]
	at org.apache.coyote.AbstractProcessorLight.process(AbstractProcessorLight.java:66) [tomcat-embed-core-8.5.28.jar:8.5.28]
	at org.apache.coyote.AbstractProtocol$ConnectionHandler.process(AbstractProtocol.java:790) [tomcat-embed-core-8.5.28.jar:8.5.28]
	at org.apache.tomcat.util.net.NioEndpoint$SocketProcessor.doRun(NioEndpoint.java:1459) [tomcat-embed-core-8.5.28.jar:8.5.28]
	at org.apache.tomcat.util.net.SocketProcessorBase.run(SocketProcessorBase.java:49) [tomcat-embed-core-8.5.28.jar:8.5.28]
	at java.util.concurrent.ThreadPoolExecutor.runWorker(Unknown Source) [na:1.8.0_144]
	at java.util.concurrent.ThreadPoolExecutor$Worker.run(Unknown Source) [na:1.8.0_144]
	at org.apache.tomcat.util.threads.TaskThread$WrappingRunnable.run(TaskThread.java:61) [tomcat-embed-core-8.5.28.jar:8.5.28]
	at java.lang.Thread.run(Unknown Source) [na:1.8.0_144]

2019-03-14 00:02:22.647  WARN 17992 --- [http-nio-80-exec-8] o.a.catalina.connector.CoyoteAdapter     : Exception while attempting to add an entry to the access log

java.lang.NullPointerException: null
	at org.apache.catalina.connector.CoyoteAdapter.log(CoyoteAdapter.java:467) ~[tomcat-embed-core-8.5.28.jar:8.5.28]
	at org.apache.coyote.http11.Http11Processor.service(Http11Processor.java:833) [tomcat-embed-core-8.5.28.jar:8.5.28]
	at org.apache.coyote.AbstractProcessorLight.process(AbstractProcessorLight.java:66) [tomcat-embed-core-8.5.28.jar:8.5.28]
	at org.apache.coyote.AbstractProtocol$ConnectionHandler.process(AbstractProtocol.java:790) [tomcat-embed-core-8.5.28.jar:8.5.28]
	at org.apache.tomcat.util.net.NioEndpoint$SocketProcessor.doRun(NioEndpoint.java:1459) [tomcat-embed-core-8.5.28.jar:8.5.28]
	at org.apache.tomcat.util.net.SocketProcessorBase.run(SocketProcessorBase.java:49) [tomcat-embed-core-8.5.28.jar:8.5.28]
	at java.util.concurrent.ThreadPoolExecutor.runWorker(Unknown Source) [na:1.8.0_144]
	at java.util.concurrent.ThreadPoolExecutor$Worker.run(Unknown Source) [na:1.8.0_144]
	at org.apache.tomcat.util.threads.TaskThread$WrappingRunnable.run(TaskThread.java:61) [tomcat-embed-core-8.5.28.jar:8.5.28]
	at java.lang.Thread.run(Unknown Source) [na:1.8.0_144]

2019-03-14 00:02:22.647 ERROR 17992 --- [http-nio-80-exec-8] o.apache.coyote.http11.Http11Processor   : Error finishing response

java.lang.NullPointerException: null
	at org.apache.coyote.http11.Http11OutputBuffer.commit(Http11OutputBuffer.java:347) ~[tomcat-embed-core-8.5.28.jar:8.5.28]
	at org.apache.coyote.http11.Http11Processor.prepareResponse(Http11Processor.java:1354) [tomcat-embed-core-8.5.28.jar:8.5.28]
	at org.apache.coyote.AbstractProcessor.action(AbstractProcessor.java:260) ~[tomcat-embed-core-8.5.28.jar:8.5.28]
	at org.apache.coyote.http11.Http11Processor.endRequest(Http11Processor.java:1523) [tomcat-embed-core-8.5.28.jar:8.5.28]
	at org.apache.coyote.http11.Http11Processor.service(Http11Processor.java:843) [tomcat-embed-core-8.5.28.jar:8.5.28]
	at org.apache.coyote.AbstractProcessorLight.process(AbstractProcessorLight.java:66) [tomcat-embed-core-8.5.28.jar:8.5.28]
	at org.apache.coyote.AbstractProtocol$ConnectionHandler.process(AbstractProtocol.java:790) [tomcat-embed-core-8.5.28.jar:8.5.28]
	at org.apache.tomcat.util.net.NioEndpoint$SocketProcessor.doRun(NioEndpoint.java:1459) [tomcat-embed-core-8.5.28.jar:8.5.28]
	at org.apache.tomcat.util.net.SocketProcessorBase.run(SocketProcessorBase.java:49) [tomcat-embed-core-8.5.28.jar:8.5.28]
	at java.util.concurrent.ThreadPoolExecutor.runWorker(Unknown Source) [na:1.8.0_144]
	at java.util.concurrent.ThreadPoolExecutor$Worker.run(Unknown Source) [na:1.8.0_144]
	at org.apache.tomcat.util.threads.TaskThread$WrappingRunnable.run(TaskThread.java:61) [tomcat-embed-core-8.5.28.jar:8.5.28]
	at java.lang.Thread.run(Unknown Source) [na:1.8.0_144]

2019-03-14 00:04:06.557  INFO 17992 --- [RMI TCP Connection(14)-127.0.0.1] inMXBeanRegistrar$SpringApplicationAdmin : Application shutdown requested.
2019-03-14 00:04:06.557  INFO 17992 --- [RMI TCP Connection(14)-127.0.0.1] ConfigServletWebServerApplicationContext : Closing org.springframework.boot.web.servlet.context.AnnotationConfigServletWebServerApplicationContext@2a88d355: startup date [Thu Mar 14 00:01:54 CST 2019]; root of context hierarchy
2019-03-14 00:04:06.558  INFO 17992 --- [RMI TCP Connection(14)-127.0.0.1] o.s.j.e.a.AnnotationMBeanExporter        : Unregistering JMX-exposed beans on shutdown
2019-03-14 00:04:06.559  INFO 17992 --- [RMI TCP Connection(14)-127.0.0.1] o.s.j.e.a.AnnotationMBeanExporter        : Unregistering JMX-exposed beans
2019-03-14 00:04:06.559  INFO 17992 --- [RMI TCP Connection(14)-127.0.0.1] j.LocalContainerEntityManagerFactoryBean : Closing JPA EntityManagerFactory for persistence unit 'default'
2019-03-14 00:04:06.560  INFO 17992 --- [RMI TCP Connection(14)-127.0.0.1] com.zaxxer.hikari.HikariDataSource       : HikariPool-2 - Shutdown initiated...
2019-03-14 00:04:06.567  INFO 17992 --- [RMI TCP Connection(14)-127.0.0.1] com.zaxxer.hikari.HikariDataSource       : HikariPool-2 - Shutdown completed.
2019-03-14 00:04:44.587  INFO 10932 --- [main] c.f.AliciaDoApplicationTests             : Starting AliciaDoApplicationTests on LAPTOP-VCCELDHN with PID 10932 (started by admin in D:\repository\git\alicia_do)
2019-03-14 00:04:44.589  INFO 10932 --- [main] c.f.AliciaDoApplicationTests             : No active profile set, falling back to default profiles: default
2019-03-14 00:04:44.661  INFO 10932 --- [main] o.s.w.c.s.GenericWebApplicationContext   : Refreshing org.springframework.web.context.support.GenericWebApplicationContext@2ef14fe: startup date [Thu Mar 14 00:04:44 CST 2019]; root of context hierarchy
2019-03-14 00:04:45.776  INFO 10932 --- [main] f.a.AutowiredAnnotationBeanPostProcessor : JSR-330 'javax.inject.Inject' annotation found and supported for autowiring
2019-03-14 00:04:45.892  INFO 10932 --- [main] trationDelegate$BeanPostProcessorChecker : Bean 'org.springframework.transaction.annotation.ProxyTransactionManagementConfiguration' of type [org.springframework.transaction.annotation.ProxyTransactionManagementConfiguration$$EnhancerBySpringCGLIB$$782f4881] is not eligible for getting processed by all BeanPostProcessors (for example: not eligible for auto-proxying)
2019-03-14 00:04:46.129  INFO 10932 --- [main] com.zaxxer.hikari.HikariDataSource       : HikariPool-1 - Starting...
2019-03-14 00:04:46.439  INFO 10932 --- [main] com.zaxxer.hikari.HikariDataSource       : HikariPool-1 - Start completed.
2019-03-14 00:04:46.491  INFO 10932 --- [main] j.LocalContainerEntityManagerFactoryBean : Building JPA container EntityManagerFactory for persistence unit 'default'
2019-03-14 00:04:46.510  INFO 10932 --- [main] o.hibernate.jpa.internal.util.LogHelper  : HHH000204: Processing PersistenceUnitInfo [
	name: default
	...]
2019-03-14 00:04:46.603  INFO 10932 --- [main] org.hibernate.Version                    : HHH000412: Hibernate Core {5.2.14.Final}
2019-03-14 00:04:46.605  INFO 10932 --- [main] org.hibernate.cfg.Environment            : HHH000206: hibernate.properties not found
2019-03-14 00:04:46.645  INFO 10932 --- [main] o.hibernate.annotations.common.Version   : HCANN000001: Hibernate Commons Annotations {5.0.1.Final}
2019-03-14 00:04:46.754  INFO 10932 --- [main] org.hibernate.dialect.Dialect            : HHH000400: Using dialect: org.hibernate.dialect.MySQLDialect
2019-03-14 00:04:47.210  INFO 10932 --- [main] j.LocalContainerEntityManagerFactoryBean : Initialized JPA EntityManagerFactory for persistence unit 'default'
2019-03-14 00:04:48.356  INFO 10932 --- [main] s.w.s.m.m.a.RequestMappingHandlerAdapter : Looking for @ControllerAdvice: org.springframework.web.context.support.GenericWebApplicationContext@2ef14fe: startup date [Thu Mar 14 00:04:44 CST 2019]; root of context hierarchy
2019-03-14 00:04:48.402  WARN 10932 --- [main] aWebConfiguration$JpaWebMvcConfiguration : spring.jpa.open-in-view is enabled by default. Therefore, database queries may be performed during view rendering. Explicitly configure spring.jpa.open-in-view to disable this warning
2019-03-14 00:04:48.456  INFO 10932 --- [main] s.w.s.m.m.a.RequestMappingHandlerMapping : Mapped "{[/article/pullPage || /blog/pullPage],methods=[POST]}" onto public java.util.Map<java.lang.String, java.lang.Object> com.fullexception.controller.ArticleController.selectPage(java.lang.Integer,javax.servlet.http.HttpServletRequest)
2019-03-14 00:04:48.457  INFO 10932 --- [main] s.w.s.m.m.a.RequestMappingHandlerMapping : Mapped "{[/article/showArticle || /blog/showArticle],methods=[GET]}" onto public java.lang.String com.fullexception.controller.ArticleController.showArticle(javax.servlet.http.HttpServletRequest,org.springframework.ui.ModelMap)
2019-03-14 00:04:48.457  INFO 10932 --- [main] s.w.s.m.m.a.RequestMappingHandlerMapping : Mapped "{[/article/discuss || /blog/discuss],methods=[POST]}" onto public java.util.Map<java.lang.String, java.lang.String> com.fullexception.controller.ArticleController.discuss(java.lang.String,int,javax.servlet.http.HttpServletRequest)
2019-03-14 00:04:48.458  INFO 10932 --- [main] s.w.s.m.m.a.RequestMappingHandlerMapping : Mapped "{[/article/editBlog || /blog/editBlog],methods=[GET]}" onto public java.lang.String com.fullexception.controller.ArticleController.editBlog(javax.servlet.http.HttpServletRequest,org.springframework.ui.ModelMap)
2019-03-14 00:04:48.458  INFO 10932 --- [main] s.w.s.m.m.a.RequestMappingHandlerMapping : Mapped "{[/article/writeBlog || /blog/writeBlog],methods=[POST]}" onto public java.util.Map<java.lang.String, java.lang.Object> com.fullexception.controller.ArticleController.writeBlog(int,java.lang.String,java.lang.String,java.lang.String,javax.servlet.http.HttpServletRequest,org.springframework.ui.ModelMap)
2019-03-14 00:04:48.458  INFO 10932 --- [main] s.w.s.m.m.a.RequestMappingHandlerMapping : Mapped "{[/article/addArticleGroup || /blog/addArticleGroup],methods=[POST]}" onto public java.util.Map<java.lang.String, java.lang.Object> com.fullexception.controller.ArticleController.addArticleGroup(java.lang.String,javax.servlet.http.HttpServletRequest)
2019-03-14 00:04:48.460  INFO 10932 --- [main] s.w.s.m.m.a.RequestMappingHandlerMapping : Mapped "{[/register],methods=[POST]}" onto public java.util.Map<java.lang.String, java.lang.String> com.fullexception.controller.VisitorController.register(java.lang.String,java.lang.String,java.lang.String)
2019-03-14 00:04:48.460  INFO 10932 --- [main] s.w.s.m.m.a.RequestMappingHandlerMapping : Mapped "{[/login],methods=[POST]}" onto public java.util.Map<java.lang.String, java.lang.String> com.fullexception.controller.VisitorController.login(java.lang.String,java.lang.String,javax.servlet.http.HttpServletResponse,javax.servlet.http.HttpServletRequest)
2019-03-14 00:04:48.461  INFO 10932 --- [main] s.w.s.m.m.a.RequestMappingHandlerMapping : Mapped "{[/blog],methods=[GET]}" onto public java.lang.String com.fullexception.controller.VisitorController.showBlog(javax.servlet.http.HttpServletRequest,org.springframework.ui.ModelMap)
2019-03-14 00:04:48.461  INFO 10932 --- [main] s.w.s.m.m.a.RequestMappingHandlerMapping : Mapped "{[/],methods=[GET]}" onto public java.lang.String com.fullexception.controller.VisitorController.touristVisitor(javax.servlet.http.HttpServletRequest,org.springframework.ui.ModelMap)
2019-03-14 00:04:48.461  INFO 10932 --- [main] s.w.s.m.m.a.RequestMappingHandlerMapping : Mapped "{[/quitLogin],methods=[POST]}" onto public java.util.Map<java.lang.String, java.lang.String> com.fullexception.controller.VisitorController.quitLogin(javax.servlet.http.HttpServletRequest)
2019-03-14 00:04:48.465  INFO 10932 --- [main] s.w.s.m.m.a.RequestMappingHandlerMapping : Mapped "{[/error]}" onto public org.springframework.http.ResponseEntity<java.util.Map<java.lang.String, java.lang.Object>> org.springframework.boot.autoconfigure.web.servlet.error.BasicErrorController.error(javax.servlet.http.HttpServletRequest)
2019-03-14 00:04:48.467  INFO 10932 --- [main] s.w.s.m.m.a.RequestMappingHandlerMapping : Mapped "{[/error],produces=[text/html]}" onto public org.springframework.web.servlet.ModelAndView org.springframework.boot.autoconfigure.web.servlet.error.BasicErrorController.errorHtml(javax.servlet.http.HttpServletRequest,javax.servlet.http.HttpServletResponse)
2019-03-14 00:04:48.512  INFO 10932 --- [main] o.s.w.s.handler.SimpleUrlHandlerMapping  : Mapped URL path [/webjars/**] onto handler of type [class org.springframework.web.servlet.resource.ResourceHttpRequestHandler]
2019-03-14 00:04:48.512  INFO 10932 --- [main] o.s.w.s.handler.SimpleUrlHandlerMapping  : Mapped URL path [/**] onto handler of type [class org.springframework.web.servlet.resource.ResourceHttpRequestHandler]
2019-03-14 00:04:48.571  INFO 10932 --- [main] o.s.w.s.handler.SimpleUrlHandlerMapping  : Mapped URL path [/**/favicon.ico] onto handler of type [class org.springframework.web.servlet.resource.ResourceHttpRequestHandler]
2019-03-14 00:04:48.609  WARN 10932 --- [main] org.thymeleaf.templatemode.TemplateMode  : [THYMELEAF][main] Template Mode 'HTML5' is deprecated. Using Template Mode 'HTML' instead.
2019-03-14 00:04:48.659  INFO 10932 --- [main] o.s.b.a.w.s.WelcomePageHandlerMapping    : Adding welcome page template: index
2019-03-14 00:04:48.933  INFO 10932 --- [main] c.f.AliciaDoApplicationTests             : Started AliciaDoApplicationTests in 4.737 seconds (JVM running for 5.762)
2019-03-14 00:04:49.028  INFO 10932 --- [main] .b.t.c.SpringBootTestContextBootstrapper : Neither @ContextConfiguration nor @ContextHierarchy found for test class [com.fullexception.service.UserTest], using SpringBootContextLoader
2019-03-14 00:04:49.029  INFO 10932 --- [main] o.s.t.c.support.AbstractContextLoader    : Could not detect default resource locations for test class [com.fullexception.service.UserTest]: no resource found for suffixes {-context.xml, Context.groovy}.
2019-03-14 00:04:49.040  INFO 10932 --- [main] .b.t.c.SpringBootTestContextBootstrapper : Loaded default TestExecutionListener class names from location [META-INF/spring.factories]: [org.springframework.boot.test.mock.mockito.MockitoTestExecutionListener, org.springframework.boot.test.mock.mockito.ResetMocksTestExecutionListener, org.springframework.boot.test.autoconfigure.restdocs.RestDocsTestExecutionListener, org.springframework.boot.test.autoconfigure.web.client.MockRestServiceServerResetTestExecutionListener, org.springframework.boot.test.autoconfigure.web.servlet.MockMvcPrintOnlyOnFailureTestExecutionListener, org.springframework.boot.test.autoconfigure.web.servlet.WebDriverTestExecutionListener, org.springframework.test.context.web.ServletTestExecutionListener, org.springframework.test.context.support.DirtiesContextBeforeModesTestExecutionListener, org.springframework.test.context.support.DependencyInjectionTestExecutionListener, org.springframework.test.context.support.DirtiesContextTestExecutionListener, org.springframework.test.context.transaction.TransactionalTestExecutionListener, org.springframework.test.context.jdbc.SqlScriptsTestExecutionListener]
2019-03-14 00:04:49.040  INFO 10932 --- [main] .b.t.c.SpringBootTestContextBootstrapper : Using TestExecutionListeners: [org.springframework.test.context.web.ServletTestExecutionListener@7994a0d1, org.springframework.test.context.support.DirtiesContextBeforeModesTestExecutionListener@73e4387, org.springframework.boot.test.mock.mockito.MockitoTestExecutionListener@d87d449, org.springframework.boot.test.autoconfigure.SpringBootDependencyInjectionTestExecutionListener@4137aab0, org.springframework.test.context.support.DirtiesContextTestExecutionListener@1df9186f, org.springframework.test.context.transaction.TransactionalTestExecutionListener@682e422c, org.springframework.test.context.jdbc.SqlScriptsTestExecutionListener@5bb8e6fc, org.springframework.boot.test.mock.mockito.ResetMocksTestExecutionListener@2726a511, org.springframework.boot.test.autoconfigure.restdocs.RestDocsTestExecutionListener@72c9ebfa, org.springframework.boot.test.autoconfigure.web.client.MockRestServiceServerResetTestExecutionListener@686cf8ad, org.springframework.boot.test.autoconfigure.web.servlet.MockMvcPrintOnlyOnFailureTestExecutionListener@747f6c5a, org.springframework.boot.test.autoconfigure.web.servlet.WebDriverTestExecutionListener@66e341e9]
2019-03-14 00:04:49.119  INFO 10932 --- [main] com.fullexception.service.UserTest       : Starting UserTest on LAPTOP-VCCELDHN with PID 10932 (started by admin in D:\repository\git\alicia_do)
2019-03-14 00:04:49.120  INFO 10932 --- [main] com.fullexception.service.UserTest       : No active profile set, falling back to default profiles: default
2019-03-14 00:04:49.122  INFO 10932 --- [main] o.s.w.c.s.GenericWebApplicationContext   : Refreshing org.springframework.web.context.support.GenericWebApplicationContext@1a2e563e: startup date [Thu Mar 14 00:04:49 CST 2019]; root of context hierarchy
2019-03-14 00:04:49.332  INFO 10932 --- [main] f.a.AutowiredAnnotationBeanPostProcessor : JSR-330 'javax.inject.Inject' annotation found and supported for autowiring
2019-03-14 00:04:49.379  INFO 10932 --- [main] trationDelegate$BeanPostProcessorChecker : Bean 'org.springframework.transaction.annotation.ProxyTransactionManagementConfiguration' of type [org.springframework.transaction.annotation.ProxyTransactionManagementConfiguration$$EnhancerBySpringCGLIB$$782f4881] is not eligible for getting processed by all BeanPostProcessors (for example: not eligible for auto-proxying)
2019-03-14 00:04:49.456  INFO 10932 --- [main] com.zaxxer.hikari.HikariDataSource       : HikariPool-2 - Starting...
2019-03-14 00:04:49.464  INFO 10932 --- [main] com.zaxxer.hikari.HikariDataSource       : HikariPool-2 - Start completed.
2019-03-14 00:04:49.482  INFO 10932 --- [main] j.LocalContainerEntityManagerFactoryBean : Building JPA container EntityManagerFactory for persistence unit 'default'
2019-03-14 00:04:49.482  INFO 10932 --- [main] o.hibernate.jpa.internal.util.LogHelper  : HHH000204: Processing PersistenceUnitInfo [
	name: default
	...]
2019-03-14 00:04:49.491  INFO 10932 --- [main] org.hibernate.dialect.Dialect            : HHH000400: Using dialect: org.hibernate.dialect.MySQLDialect
2019-03-14 00:04:49.503  INFO 10932 --- [main] j.LocalContainerEntityManagerFactoryBean : Initialized JPA EntityManagerFactory for persistence unit 'default'
2019-03-14 00:04:50.056  INFO 10932 --- [main] s.w.s.m.m.a.RequestMappingHandlerAdapter : Looking for @ControllerAdvice: org.springframework.web.context.support.GenericWebApplicationContext@1a2e563e: startup date [Thu Mar 14 00:04:49 CST 2019]; root of context hierarchy
2019-03-14 00:04:50.063  WARN 10932 --- [main] aWebConfiguration$JpaWebMvcConfiguration : spring.jpa.open-in-view is enabled by default. Therefore, database queries may be performed during view rendering. Explicitly configure spring.jpa.open-in-view to disable this warning
2019-03-14 00:04:50.088  INFO 10932 --- [main] s.w.s.m.m.a.RequestMappingHandlerMapping : Mapped "{[/article/pullPage || /blog/pullPage],methods=[POST]}" onto public java.util.Map<java.lang.String, java.lang.Object> com.fullexception.controller.ArticleController.selectPage(java.lang.Integer,javax.servlet.http.HttpServletRequest)
2019-03-14 00:04:50.088  INFO 10932 --- [main] s.w.s.m.m.a.RequestMappingHandlerMapping : Mapped "{[/article/showArticle || /blog/showArticle],methods=[GET]}" onto public java.lang.String com.fullexception.controller.ArticleController.showArticle(javax.servlet.http.HttpServletRequest,org.springframework.ui.ModelMap)
2019-03-14 00:04:50.089  INFO 10932 --- [main] s.w.s.m.m.a.RequestMappingHandlerMapping : Mapped "{[/article/discuss || /blog/discuss],methods=[POST]}" onto public java.util.Map<java.lang.String, java.lang.String> com.fullexception.controller.ArticleController.discuss(java.lang.String,int,javax.servlet.http.HttpServletRequest)
2019-03-14 00:04:50.089  INFO 10932 --- [main] s.w.s.m.m.a.RequestMappingHandlerMapping : Mapped "{[/article/editBlog || /blog/editBlog],methods=[GET]}" onto public java.lang.String com.fullexception.controller.ArticleController.editBlog(javax.servlet.http.HttpServletRequest,org.springframework.ui.ModelMap)
2019-03-14 00:04:50.089  INFO 10932 --- [main] s.w.s.m.m.a.RequestMappingHandlerMapping : Mapped "{[/article/writeBlog || /blog/writeBlog],methods=[POST]}" onto public java.util.Map<java.lang.String, java.lang.Object> com.fullexception.controller.ArticleController.writeBlog(int,java.lang.String,java.lang.String,java.lang.String,javax.servlet.http.HttpServletRequest,org.springframework.ui.ModelMap)
2019-03-14 00:04:50.090  INFO 10932 --- [main] s.w.s.m.m.a.RequestMappingHandlerMapping : Mapped "{[/article/addArticleGroup || /blog/addArticleGroup],methods=[POST]}" onto public java.util.Map<java.lang.String, java.lang.Object> com.fullexception.controller.ArticleController.addArticleGroup(java.lang.String,javax.servlet.http.HttpServletRequest)
2019-03-14 00:04:50.091  INFO 10932 --- [main] s.w.s.m.m.a.RequestMappingHandlerMapping : Mapped "{[/register],methods=[POST]}" onto public java.util.Map<java.lang.String, java.lang.String> com.fullexception.controller.VisitorController.register(java.lang.String,java.lang.String,java.lang.String)
2019-03-14 00:04:50.104  INFO 10932 --- [main] s.w.s.m.m.a.RequestMappingHandlerMapping : Mapped "{[/login],methods=[POST]}" onto public java.util.Map<java.lang.String, java.lang.String> com.fullexception.controller.VisitorController.login(java.lang.String,java.lang.String,javax.servlet.http.HttpServletResponse,javax.servlet.http.HttpServletRequest)
2019-03-14 00:04:50.105  INFO 10932 --- [main] s.w.s.m.m.a.RequestMappingHandlerMapping : Mapped "{[/blog],methods=[GET]}" onto public java.lang.String com.fullexception.controller.VisitorController.showBlog(javax.servlet.http.HttpServletRequest,org.springframework.ui.ModelMap)
2019-03-14 00:04:50.105  INFO 10932 --- [main] s.w.s.m.m.a.RequestMappingHandlerMapping : Mapped "{[/],methods=[GET]}" onto public java.lang.String com.fullexception.controller.VisitorController.touristVisitor(javax.servlet.http.HttpServletRequest,org.springframework.ui.ModelMap)
2019-03-14 00:04:50.106  INFO 10932 --- [main] s.w.s.m.m.a.RequestMappingHandlerMapping : Mapped "{[/quitLogin],methods=[POST]}" onto public java.util.Map<java.lang.String, java.lang.String> com.fullexception.controller.VisitorController.quitLogin(javax.servlet.http.HttpServletRequest)
2019-03-14 00:04:50.111  INFO 10932 --- [main] s.w.s.m.m.a.RequestMappingHandlerMapping : Mapped "{[/error]}" onto public org.springframework.http.ResponseEntity<java.util.Map<java.lang.String, java.lang.Object>> org.springframework.boot.autoconfigure.web.servlet.error.BasicErrorController.error(javax.servlet.http.HttpServletRequest)
2019-03-14 00:04:50.112  INFO 10932 --- [main] s.w.s.m.m.a.RequestMappingHandlerMapping : Mapped "{[/error],produces=[text/html]}" onto public org.springframework.web.servlet.ModelAndView org.springframework.boot.autoconfigure.web.servlet.error.BasicErrorController.errorHtml(javax.servlet.http.HttpServletRequest,javax.servlet.http.HttpServletResponse)
2019-03-14 00:04:50.153  INFO 10932 --- [main] o.s.w.s.handler.SimpleUrlHandlerMapping  : Mapped URL path [/webjars/**] onto handler of type [class org.springframework.web.servlet.resource.ResourceHttpRequestHandler]
2019-03-14 00:04:50.153  INFO 10932 --- [main] o.s.w.s.handler.SimpleUrlHandlerMapping  : Mapped URL path [/**] onto handler of type [class org.springframework.web.servlet.resource.ResourceHttpRequestHandler]
2019-03-14 00:04:50.194  INFO 10932 --- [main] o.s.w.s.handler.SimpleUrlHandlerMapping  : Mapped URL path [/**/favicon.ico] onto handler of type [class org.springframework.web.servlet.resource.ResourceHttpRequestHandler]
2019-03-14 00:04:50.225  WARN 10932 --- [main] org.thymeleaf.templatemode.TemplateMode  : [THYMELEAF][main] Template Mode 'HTML5' is deprecated. Using Template Mode 'HTML' instead.
2019-03-14 00:04:50.259  INFO 10932 --- [main] o.s.b.a.w.s.WelcomePageHandlerMapping    : Adding welcome page template: index
2019-03-14 00:04:50.437  INFO 10932 --- [main] com.fullexception.service.UserTest       : Started UserTest in 1.369 seconds (JVM running for 7.268)
2019-03-14 00:04:50.470  INFO 10932 --- [Thread-5] o.s.w.c.s.GenericWebApplicationContext   : Closing org.springframework.web.context.support.GenericWebApplicationContext@1a2e563e: startup date [Thu Mar 14 00:04:49 CST 2019]; root of context hierarchy
2019-03-14 00:04:50.471  INFO 10932 --- [Thread-3] o.s.w.c.s.GenericWebApplicationContext   : Closing org.springframework.web.context.support.GenericWebApplicationContext@2ef14fe: startup date [Thu Mar 14 00:04:44 CST 2019]; root of context hierarchy
2019-03-14 00:04:50.476  INFO 10932 --- [Thread-5] j.LocalContainerEntityManagerFactoryBean : Closing JPA EntityManagerFactory for persistence unit 'default'
2019-03-14 00:04:50.478  INFO 10932 --- [Thread-3] j.LocalContainerEntityManagerFactoryBean : Closing JPA EntityManagerFactory for persistence unit 'default'
2019-03-14 00:04:50.480  INFO 10932 --- [Thread-3] com.zaxxer.hikari.HikariDataSource       : HikariPool-1 - Shutdown initiated...
2019-03-14 00:04:50.480  INFO 10932 --- [Thread-5] com.zaxxer.hikari.HikariDataSource       : HikariPool-2 - Shutdown initiated...
2019-03-14 00:04:50.488  INFO 10932 --- [Thread-3] com.zaxxer.hikari.HikariDataSource       : HikariPool-1 - Shutdown completed.
2019-03-14 00:04:50.494  INFO 10932 --- [Thread-5] com.zaxxer.hikari.HikariDataSource       : HikariPool-2 - Shutdown completed.
